2018-10-26 10:29:51.669  INFO 31794 --- [main] c.s.SpringBootDefaultLoggingApplication  : Starting SpringBootDefaultLoggingApplication on HN with PID 31794 (/home/huynhnguyen/IdeaProjects/spring-boot-default-logging/target/classes started by huynhnguyen in /home/huynhnguyen/IdeaProjects/spring-boot-default-logging)
2018-10-26 10:29:51.682  INFO 31794 --- [main] c.s.SpringBootDefaultLoggingApplication  : No active profile set, falling back to default profiles: default
2018-10-26 10:29:51.823  INFO 31794 --- [main] ConfigServletWebServerApplicationContext : Refreshing org.springframework.boot.web.servlet.context.AnnotationConfigServletWebServerApplicationContext@68e80f25: startup date [Fri Oct 26 10:29:51 ICT 2018]; root of context hierarchy
2018-10-26 10:29:53.669  INFO 31794 --- [main] o.s.b.w.embedded.tomcat.TomcatWebServer  : Tomcat initialized with port(s): 8080 (http)
2018-10-26 10:29:53.715  INFO 31794 --- [main] o.apache.catalina.core.StandardService   : Starting service [Tomcat]
2018-10-26 10:29:53.716  INFO 31794 --- [main] org.apache.catalina.core.StandardEngine  : Starting Servlet Engine: Apache Tomcat/8.5.34
2018-10-26 10:29:53.736  INFO 31794 --- [localhost-startStop-1] o.a.catalina.core.AprLifecycleListener   : The APR based Apache Tomcat Native library which allows optimal performance in production environments was not found on the java.library.path: [/usr/java/packages/lib/amd64:/usr/lib64:/lib64:/lib:/usr/lib]
2018-10-26 10:29:53.845  INFO 31794 --- [localhost-startStop-1] o.a.c.c.C.[Tomcat].[localhost].[/]       : Initializing Spring embedded WebApplicationContext
2018-10-26 10:29:53.846  INFO 31794 --- [localhost-startStop-1] o.s.web.context.ContextLoader            : Root WebApplicationContext: initialization completed in 2022 ms
2018-10-26 10:29:53.914  INFO 31794 --- [localhost-startStop-1] o.s.b.w.servlet.ServletRegistrationBean  : Servlet dispatcherServlet mapped to [/]
2018-10-26 10:29:53.918  INFO 31794 --- [localhost-startStop-1] o.s.b.w.servlet.FilterRegistrationBean   : Mapping filter: 'characterEncodingFilter' to: [/*]
2018-10-26 10:29:53.920  INFO 31794 --- [localhost-startStop-1] o.s.b.w.servlet.FilterRegistrationBean   : Mapping filter: 'hiddenHttpMethodFilter' to: [/*]
2018-10-26 10:29:53.920  INFO 31794 --- [localhost-startStop-1] o.s.b.w.servlet.FilterRegistrationBean   : Mapping filter: 'httpPutFormContentFilter' to: [/*]
2018-10-26 10:29:53.920  INFO 31794 --- [localhost-startStop-1] o.s.b.w.servlet.FilterRegistrationBean   : Mapping filter: 'requestContextFilter' to: [/*]
2018-10-26 10:29:54.054  INFO 31794 --- [main] o.s.w.s.handler.SimpleUrlHandlerMapping  : Mapped URL path [/**/favicon.ico] onto handler of type [class org.springframework.web.servlet.resource.ResourceHttpRequestHandler]
2018-10-26 10:29:54.238  INFO 31794 --- [main] s.w.s.m.m.a.RequestMappingHandlerAdapter : Looking for @ControllerAdvice: org.springframework.boot.web.servlet.context.AnnotationConfigServletWebServerApplicationContext@68e80f25: startup date [Fri Oct 26 10:29:51 ICT 2018]; root of context hierarchy
2018-10-26 10:29:54.319  INFO 31794 --- [main] s.w.s.m.m.a.RequestMappingHandlerMapping : Mapped "{[/]}" onto public java.lang.String com.softech.controller.MainController.home()
2018-10-26 10:29:54.333  INFO 31794 --- [main] s.w.s.m.m.a.RequestMappingHandlerMapping : Mapped "{[/error],produces=[text/html]}" onto public org.springframework.web.servlet.ModelAndView org.springframework.boot.autoconfigure.web.servlet.error.BasicErrorController.errorHtml(javax.servlet.http.HttpServletRequest,javax.servlet.http.HttpServletResponse)
2018-10-26 10:29:54.334  INFO 31794 --- [main] s.w.s.m.m.a.RequestMappingHandlerMapping : Mapped "{[/error]}" onto public org.springframework.http.ResponseEntity<java.util.Map<java.lang.String, java.lang.Object>> org.springframework.boot.autoconfigure.web.servlet.error.BasicErrorController.error(javax.servlet.http.HttpServletRequest)
2018-10-26 10:29:54.382  INFO 31794 --- [main] o.s.w.s.handler.SimpleUrlHandlerMapping  : Mapped URL path [/webjars/**] onto handler of type [class org.springframework.web.servlet.resource.ResourceHttpRequestHandler]
2018-10-26 10:29:54.383  INFO 31794 --- [main] o.s.w.s.handler.SimpleUrlHandlerMapping  : Mapped URL path [/**] onto handler of type [class org.springframework.web.servlet.resource.ResourceHttpRequestHandler]
2018-10-26 10:29:54.562  INFO 31794 --- [main] o.s.j.e.a.AnnotationMBeanExporter        : Registering beans for JMX exposure on startup
2018-10-26 10:29:54.620  INFO 31794 --- [main] o.s.b.w.embedded.tomcat.TomcatWebServer  : Tomcat started on port(s): 8080 (http) with context path ''
2018-10-26 10:29:54.629  INFO 31794 --- [main] c.s.SpringBootDefaultLoggingApplication  : Started SpringBootDefaultLoggingApplication in 3.49 seconds (JVM running for 6.745)
2018-10-26 10:29:59.627  INFO 31794 --- [http-nio-8080-exec-1] o.a.c.c.C.[Tomcat].[localhost].[/]       : Initializing Spring FrameworkServlet 'dispatcherServlet'
2018-10-26 10:29:59.628  INFO 31794 --- [http-nio-8080-exec-1] o.s.web.servlet.DispatcherServlet        : FrameworkServlet 'dispatcherServlet': initialization started
2018-10-26 10:29:59.647  INFO 31794 --- [http-nio-8080-exec-1] o.s.web.servlet.DispatcherServlet        : FrameworkServlet 'dispatcherServlet': initialization completed in 19 ms
2018-10-26 10:29:59.681  INFO 31794 --- [http-nio-8080-exec-1] com.softech.controller.MainController    : This is INFO
2018-10-26 10:29:59.682  WARN 31794 --- [http-nio-8080-exec-1] com.softech.controller.MainController    : This is WARN
2018-10-26 10:29:59.682 ERROR 31794 --- [http-nio-8080-exec-1] com.softech.controller.MainController    : This is ERROR
2018-10-26 10:30:17.886  INFO 31794 --- [Thread-3] ConfigServletWebServerApplicationContext : Closing org.springframework.boot.web.servlet.context.AnnotationConfigServletWebServerApplicationContext@68e80f25: startup date [Fri Oct 26 10:29:51 ICT 2018]; root of context hierarchy
2018-10-26 10:30:17.895  INFO 31794 --- [Thread-3] o.s.j.e.a.AnnotationMBeanExporter        : Unregistering JMX-exposed beans on shutdown
